2022-01-21 13:35:56,045 INFO    MainThread:2068 [internal.py:wandb_internal():87] W&B internal server running at pid: 2068, started at: 2022-01-21 13:35:56.045126
2022-01-21 13:35:56,046 DEBUG   HandlerThread:2068 [handler.py:handle_request():130] handle_request: check_version
2022-01-21 13:35:56,047 INFO    WriterThread:2068 [datastore.py:open_for_write():77] open: /Users/gdegournay/PycharmProjects/Udacity/MLOps/MLOps_ex/reproducible workflow/wandb/run-20220121_133555-6klvga93/run-6klvga93.wandb
2022-01-21 13:35:56,048 DEBUG   SenderThread:2068 [sender.py:send():234] send: header
2022-01-21 13:35:56,049 DEBUG   SenderThread:2068 [sender.py:send_request():248] send_request: check_version
2022-01-21 13:35:56,319 DEBUG   SenderThread:2068 [sender.py:send():234] send: run
2022-01-21 13:35:56,650 INFO    SenderThread:2068 [dir_watcher.py:__init__():169] watching files in: /Users/gdegournay/PycharmProjects/Udacity/MLOps/MLOps_ex/reproducible workflow/wandb/run-20220121_133555-6klvga93/files
2022-01-21 13:35:56,650 INFO    SenderThread:2068 [sender.py:_start_run_threads():804] run started: 6klvga93 with start time 1642768555
2022-01-21 13:35:56,650 DEBUG   SenderThread:2068 [sender.py:send():234] send: summary
2022-01-21 13:35:56,651 INFO    SenderThread:2068 [sender.py:_save_file():939] saving file wandb-summary.json with policy end
2022-01-21 13:35:56,651 DEBUG   HandlerThread:2068 [handler.py:handle_request():130] handle_request: run_start
2022-01-21 13:35:56,653 DEBUG   HandlerThread:2068 [meta.py:__init__():40] meta init
2022-01-21 13:35:56,653 DEBUG   HandlerThread:2068 [meta.py:__init__():54] meta init done
2022-01-21 13:35:56,653 DEBUG   HandlerThread:2068 [meta.py:probe():214] probe
2022-01-21 13:35:56,654 DEBUG   HandlerThread:2068 [git.py:repo():33] git repository is invalid
2022-01-21 13:35:56,654 DEBUG   HandlerThread:2068 [meta.py:_save_pip():58] save pip
2022-01-21 13:35:56,655 DEBUG   HandlerThread:2068 [meta.py:_save_pip():72] save pip done
2022-01-21 13:35:56,655 DEBUG   HandlerThread:2068 [meta.py:_save_conda():79] save conda
2022-01-21 13:35:57,653 INFO    Thread-8  :2068 [dir_watcher.py:_on_file_created():217] file/dir created: /Users/gdegournay/PycharmProjects/Udacity/MLOps/MLOps_ex/reproducible workflow/wandb/run-20220121_133555-6klvga93/files/requirements.txt
2022-01-21 13:35:57,653 INFO    Thread-8  :2068 [dir_watcher.py:_on_file_created():217] file/dir created: /Users/gdegournay/PycharmProjects/Udacity/MLOps/MLOps_ex/reproducible workflow/wandb/run-20220121_133555-6klvga93/files/wandb-summary.json
2022-01-21 13:35:57,653 INFO    Thread-8  :2068 [dir_watcher.py:_on_file_created():217] file/dir created: /Users/gdegournay/PycharmProjects/Udacity/MLOps/MLOps_ex/reproducible workflow/wandb/run-20220121_133555-6klvga93/files/conda-environment.yaml
2022-01-21 13:35:59,262 DEBUG   HandlerThread:2068 [meta.py:_save_conda():89] save conda done
2022-01-21 13:35:59,262 DEBUG   HandlerThread:2068 [meta.py:probe():252] probe done
2022-01-21 13:35:59,266 DEBUG   SenderThread:2068 [sender.py:send():234] send: files
2022-01-21 13:35:59,266 INFO    SenderThread:2068 [sender.py:_save_file():939] saving file wandb-metadata.json with policy now
2022-01-21 13:35:59,278 DEBUG   HandlerThread:2068 [handler.py:handle_request():130] handle_request: stop_status
2022-01-21 13:35:59,278 DEBUG   SenderThread:2068 [sender.py:send_request():248] send_request: stop_status
2022-01-21 13:35:59,280 DEBUG   HandlerThread:2068 [handler.py:handle_request():130] handle_request: pause
2022-01-21 13:35:59,280 INFO    HandlerThread:2068 [handler.py:handle_request_pause():612] stopping system metrics thread
2022-01-21 13:35:59,587 DEBUG   SenderThread:2068 [sender.py:send():234] send: stats
2022-01-21 13:35:59,660 INFO    Thread-8  :2068 [dir_watcher.py:_on_file_modified():230] file/dir modified: /Users/gdegournay/PycharmProjects/Udacity/MLOps/MLOps_ex/reproducible workflow/wandb/run-20220121_133555-6klvga93/files/conda-environment.yaml
2022-01-21 13:35:59,660 INFO    Thread-8  :2068 [dir_watcher.py:_on_file_created():217] file/dir created: /Users/gdegournay/PycharmProjects/Udacity/MLOps/MLOps_ex/reproducible workflow/wandb/run-20220121_133555-6klvga93/files/wandb-metadata.json
2022-01-21 13:35:59,660 INFO    Thread-8  :2068 [dir_watcher.py:_on_file_created():217] file/dir created: /Users/gdegournay/PycharmProjects/Udacity/MLOps/MLOps_ex/reproducible workflow/wandb/run-20220121_133555-6klvga93/files/output.log
2022-01-21 13:36:00,101 INFO    Thread-11 :2068 [upload_job.py:push():137] Uploaded file /var/folders/5j/7hfk27811wq3t3m19tqf7k_c0000gn/T/tmpunlr6854wandb/2vcz6i4u-wandb-metadata.json
2022-01-21 13:36:14,590 DEBUG   HandlerThread:2068 [handler.py:handle_request():130] handle_request: stop_status
2022-01-21 13:36:14,591 DEBUG   SenderThread:2068 [sender.py:send_request():248] send_request: stop_status
2022-01-21 13:36:32,706 DEBUG   HandlerThread:2068 [handler.py:handle_request():130] handle_request: stop_status
2022-01-21 13:36:32,707 DEBUG   SenderThread:2068 [sender.py:send_request():248] send_request: stop_status
2022-01-21 13:36:41,227 DEBUG   HandlerThread:2068 [handler.py:handle_request():130] handle_request: resume
2022-01-21 13:36:41,228 INFO    HandlerThread:2068 [handler.py:handle_request_resume():603] starting system metrics thread
2022-01-21 13:36:41,230 DEBUG   HandlerThread:2068 [handler.py:handle_request():130] handle_request: pause
2022-01-21 13:36:41,230 INFO    HandlerThread:2068 [handler.py:handle_request_pause():612] stopping system metrics thread
2022-01-21 13:36:41,333 DEBUG   SenderThread:2068 [sender.py:send():234] send: stats
2022-01-21 13:36:43,979 DEBUG   HandlerThread:2068 [handler.py:handle_request():130] handle_request: resume
2022-01-21 13:36:43,979 INFO    HandlerThread:2068 [handler.py:handle_request_resume():603] starting system metrics thread
2022-01-21 13:36:43,980 DEBUG   HandlerThread:2068 [handler.py:handle_request():130] handle_request: pause
2022-01-21 13:36:43,980 INFO    HandlerThread:2068 [handler.py:handle_request_pause():612] stopping system metrics thread
2022-01-21 13:36:44,083 DEBUG   SenderThread:2068 [sender.py:send():234] send: stats
2022-01-21 13:36:46,091 DEBUG   HandlerThread:2068 [handler.py:handle_request():130] handle_request: resume
2022-01-21 13:36:46,091 INFO    HandlerThread:2068 [handler.py:handle_request_resume():603] starting system metrics thread
2022-01-21 13:36:46,095 DEBUG   HandlerThread:2068 [handler.py:handle_request():130] handle_request: pause
2022-01-21 13:36:46,096 INFO    HandlerThread:2068 [handler.py:handle_request_pause():612] stopping system metrics thread
2022-01-21 13:36:46,194 DEBUG   SenderThread:2068 [sender.py:send():234] send: stats
2022-01-21 13:36:47,989 DEBUG   HandlerThread:2068 [handler.py:handle_request():130] handle_request: stop_status
2022-01-21 13:36:47,990 DEBUG   SenderThread:2068 [sender.py:send_request():248] send_request: stop_status
2022-01-21 13:36:48,747 DEBUG   HandlerThread:2068 [handler.py:handle_request():130] handle_request: resume
2022-01-21 13:36:48,747 INFO    HandlerThread:2068 [handler.py:handle_request_resume():603] starting system metrics thread
2022-01-21 13:36:49,074 DEBUG   HandlerThread:2068 [handler.py:handle_request():130] handle_request: log_artifact
2022-01-21 13:36:49,075 DEBUG   SenderThread:2068 [sender.py:send_request():248] send_request: log_artifact
2022-01-21 13:36:49,079 DEBUG   HandlerThread:2068 [handler.py:handle_request():130] handle_request: pause
2022-01-21 13:36:49,079 INFO    HandlerThread:2068 [handler.py:handle_request_pause():612] stopping system metrics thread
2022-01-21 13:36:49,910 INFO    SenderThread:2068 [sender.py:send_request_log_artifact():968] logged artifact my_artifact.txt - {'id': 'QXJ0aWZhY3Q6NjY4NjIxMzg=', 'digest': '928d1736d26dd8ef5dd12b59c744c830', 'state': 'COMMITTED', 'aliases': [{'artifactCollectionName': 'my_artifact.txt', 'alias': 'latest'}, {'artifactCollectionName': 'my_artifact.txt', 'alias': 'v0'}], 'artifactSequence': {'id': 'QXJ0aWZhY3RDb2xsZWN0aW9uOjk3ODU1NDg=', 'latestArtifact': {'id': 'QXJ0aWZhY3Q6NjY4NjIxMzg=', 'versionIndex': 0}}, 'version': 'v0'}
2022-01-21 13:36:49,910 DEBUG   SenderThread:2068 [sender.py:send():234] send: stats
2022-01-21 13:37:03,283 DEBUG   HandlerThread:2068 [handler.py:handle_request():130] handle_request: stop_status
2022-01-21 13:37:03,283 DEBUG   SenderThread:2068 [sender.py:send_request():248] send_request: stop_status
2022-01-21 13:37:18,562 DEBUG   HandlerThread:2068 [handler.py:handle_request():130] handle_request: stop_status
2022-01-21 13:37:18,562 DEBUG   SenderThread:2068 [sender.py:send_request():248] send_request: stop_status
2022-01-21 13:37:33,933 DEBUG   HandlerThread:2068 [handler.py:handle_request():130] handle_request: stop_status
2022-01-21 13:37:33,933 DEBUG   SenderThread:2068 [sender.py:send_request():248] send_request: stop_status
2022-01-21 13:37:49,255 DEBUG   HandlerThread:2068 [handler.py:handle_request():130] handle_request: stop_status
2022-01-21 13:37:49,255 DEBUG   SenderThread:2068 [sender.py:send_request():248] send_request: stop_status
2022-01-21 13:38:02,404 DEBUG   HandlerThread:2068 [handler.py:handle_request():130] handle_request: resume
2022-01-21 13:38:02,404 INFO    HandlerThread:2068 [handler.py:handle_request_resume():603] starting system metrics thread
2022-01-21 13:38:02,405 DEBUG   HandlerThread:2068 [handler.py:handle_request():130] handle_request: pause
2022-01-21 13:38:02,405 INFO    HandlerThread:2068 [handler.py:handle_request_pause():612] stopping system metrics thread
2022-01-21 13:38:02,511 DEBUG   SenderThread:2068 [sender.py:send():234] send: stats
2022-01-21 13:38:04,501 DEBUG   HandlerThread:2068 [handler.py:handle_request():130] handle_request: stop_status
2022-01-21 13:38:04,501 DEBUG   SenderThread:2068 [sender.py:send_request():248] send_request: stop_status
2022-01-21 13:38:19,788 DEBUG   HandlerThread:2068 [handler.py:handle_request():130] handle_request: stop_status
2022-01-21 13:38:19,789 DEBUG   SenderThread:2068 [sender.py:send_request():248] send_request: stop_status
2022-01-21 13:38:27,812 DEBUG   HandlerThread:2068 [handler.py:handle_request():130] handle_request: resume
2022-01-21 13:38:27,812 INFO    HandlerThread:2068 [handler.py:handle_request_resume():603] starting system metrics thread
2022-01-21 13:38:27,812 DEBUG   HandlerThread:2068 [handler.py:handle_request():130] handle_request: pause
2022-01-21 13:38:27,813 INFO    HandlerThread:2068 [handler.py:handle_request_pause():612] stopping system metrics thread
2022-01-21 13:38:27,919 DEBUG   SenderThread:2068 [sender.py:send():234] send: stats
2022-01-21 13:38:35,032 DEBUG   HandlerThread:2068 [handler.py:handle_request():130] handle_request: stop_status
2022-01-21 13:38:35,033 DEBUG   SenderThread:2068 [sender.py:send_request():248] send_request: stop_status
2022-01-21 13:38:50,341 DEBUG   HandlerThread:2068 [handler.py:handle_request():130] handle_request: stop_status
2022-01-21 13:38:50,342 DEBUG   SenderThread:2068 [sender.py:send_request():248] send_request: stop_status
2022-01-21 13:39:05,654 DEBUG   HandlerThread:2068 [handler.py:handle_request():130] handle_request: stop_status
2022-01-21 13:39:05,655 DEBUG   SenderThread:2068 [sender.py:send_request():248] send_request: stop_status
2022-01-21 13:39:20,955 DEBUG   HandlerThread:2068 [handler.py:handle_request():130] handle_request: stop_status
2022-01-21 13:39:20,955 DEBUG   SenderThread:2068 [sender.py:send_request():248] send_request: stop_status
2022-01-21 13:39:36,387 DEBUG   HandlerThread:2068 [handler.py:handle_request():130] handle_request: stop_status
2022-01-21 13:39:36,387 DEBUG   SenderThread:2068 [sender.py:send_request():248] send_request: stop_status
2022-01-21 13:39:51,687 DEBUG   HandlerThread:2068 [handler.py:handle_request():130] handle_request: stop_status
2022-01-21 13:39:51,688 DEBUG   SenderThread:2068 [sender.py:send_request():248] send_request: stop_status
2022-01-21 13:40:08,833 DEBUG   HandlerThread:2068 [handler.py:handle_request():130] handle_request: stop_status
2022-01-21 13:40:08,833 DEBUG   SenderThread:2068 [sender.py:send_request():248] send_request: stop_status
2022-01-21 13:40:24,144 DEBUG   HandlerThread:2068 [handler.py:handle_request():130] handle_request: stop_status
2022-01-21 13:40:24,144 DEBUG   SenderThread:2068 [sender.py:send_request():248] send_request: stop_status
2022-01-21 13:40:39,433 DEBUG   HandlerThread:2068 [handler.py:handle_request():130] handle_request: stop_status
2022-01-21 13:40:39,433 DEBUG   SenderThread:2068 [sender.py:send_request():248] send_request: stop_status
2022-01-21 13:40:59,433 DEBUG   HandlerThread:2068 [handler.py:handle_request():130] handle_request: stop_status
2022-01-21 13:40:59,434 DEBUG   SenderThread:2068 [sender.py:send_request():248] send_request: stop_status
2022-01-21 13:41:14,734 DEBUG   HandlerThread:2068 [handler.py:handle_request():130] handle_request: stop_status
2022-01-21 13:41:14,734 DEBUG   SenderThread:2068 [sender.py:send_request():248] send_request: stop_status
2022-01-21 13:41:30,009 DEBUG   HandlerThread:2068 [handler.py:handle_request():130] handle_request: stop_status
2022-01-21 13:41:30,010 DEBUG   SenderThread:2068 [sender.py:send_request():248] send_request: stop_status
2022-01-21 13:41:45,512 DEBUG   HandlerThread:2068 [handler.py:handle_request():130] handle_request: stop_status
2022-01-21 13:41:45,513 DEBUG   SenderThread:2068 [sender.py:send_request():248] send_request: stop_status
2022-01-21 13:42:00,961 DEBUG   HandlerThread:2068 [handler.py:handle_request():130] handle_request: stop_status
2022-01-21 13:42:00,961 DEBUG   SenderThread:2068 [sender.py:send_request():248] send_request: stop_status
2022-01-21 13:42:06,644 DEBUG   HandlerThread:2068 [handler.py:handle_request():130] handle_request: resume
2022-01-21 13:42:06,644 INFO    HandlerThread:2068 [handler.py:handle_request_resume():603] starting system metrics thread
2022-01-21 13:42:07,083 DEBUG   HandlerThread:2068 [handler.py:handle_request():130] handle_request: poll_exit
2022-01-21 13:42:07,083 DEBUG   SenderThread:2068 [sender.py:send():234] send: telemetry
2022-01-21 13:42:07,084 DEBUG   SenderThread:2068 [sender.py:send():234] send: exit
2022-01-21 13:42:07,084 INFO    SenderThread:2068 [sender.py:send_exit():366] handling exit code: 0
2022-01-21 13:42:07,084 INFO    SenderThread:2068 [sender.py:send_exit():368] handling runtime: 4
2022-01-21 13:42:07,085 INFO    SenderThread:2068 [sender.py:_save_file():939] saving file wandb-summary.json with policy end
2022-01-21 13:42:07,085 INFO    SenderThread:2068 [sender.py:send_exit():374] send defer
2022-01-21 13:42:07,085 DEBUG   SenderThread:2068 [sender.py:send_request():248] send_request: poll_exit
2022-01-21 13:42:07,086 DEBUG   HandlerThread:2068 [handler.py:handle_request():130] handle_request: defer
2022-01-21 13:42:07,087 INFO    HandlerThread:2068 [handler.py:handle_request_defer():147] handle defer: 0
2022-01-21 13:42:07,087 DEBUG   SenderThread:2068 [sender.py:send_request():248] send_request: defer
2022-01-21 13:42:07,087 INFO    SenderThread:2068 [sender.py:send_request_defer():383] handle sender defer: 0
2022-01-21 13:42:07,087 INFO    SenderThread:2068 [sender.py:transition_state():387] send defer: 1
2022-01-21 13:42:07,088 DEBUG   HandlerThread:2068 [handler.py:handle_request():130] handle_request: defer
2022-01-21 13:42:07,088 INFO    HandlerThread:2068 [handler.py:handle_request_defer():147] handle defer: 1
2022-01-21 13:42:07,154 DEBUG   SenderThread:2068 [sender.py:send_request():248] send_request: defer
2022-01-21 13:42:07,155 INFO    SenderThread:2068 [sender.py:send_request_defer():383] handle sender defer: 1
2022-01-21 13:42:07,155 INFO    SenderThread:2068 [sender.py:transition_state():387] send defer: 2
2022-01-21 13:42:07,155 DEBUG   SenderThread:2068 [sender.py:send():234] send: stats
2022-01-21 13:42:07,155 DEBUG   HandlerThread:2068 [handler.py:handle_request():130] handle_request: defer
2022-01-21 13:42:07,155 INFO    HandlerThread:2068 [handler.py:handle_request_defer():147] handle defer: 2
2022-01-21 13:42:07,156 DEBUG   SenderThread:2068 [sender.py:send_request():248] send_request: defer
2022-01-21 13:42:07,156 INFO    SenderThread:2068 [sender.py:send_request_defer():383] handle sender defer: 2
2022-01-21 13:42:07,156 INFO    SenderThread:2068 [sender.py:transition_state():387] send defer: 3
2022-01-21 13:42:07,156 DEBUG   HandlerThread:2068 [handler.py:handle_request():130] handle_request: defer
2022-01-21 13:42:07,156 INFO    HandlerThread:2068 [handler.py:handle_request_defer():147] handle defer: 3
2022-01-21 13:42:07,156 DEBUG   SenderThread:2068 [sender.py:send():234] send: summary
2022-01-21 13:42:07,157 INFO    SenderThread:2068 [sender.py:_save_file():939] saving file wandb-summary.json with policy end
2022-01-21 13:42:07,157 DEBUG   SenderThread:2068 [sender.py:send_request():248] send_request: defer
2022-01-21 13:42:07,157 INFO    SenderThread:2068 [sender.py:send_request_defer():383] handle sender defer: 3
2022-01-21 13:42:07,157 INFO    SenderThread:2068 [sender.py:transition_state():387] send defer: 4
2022-01-21 13:42:07,158 DEBUG   HandlerThread:2068 [handler.py:handle_request():130] handle_request: defer
2022-01-21 13:42:07,158 INFO    HandlerThread:2068 [handler.py:handle_request_defer():147] handle defer: 4
2022-01-21 13:42:07,158 DEBUG   SenderThread:2068 [sender.py:send_request():248] send_request: defer
2022-01-21 13:42:07,158 INFO    SenderThread:2068 [sender.py:send_request_defer():383] handle sender defer: 4
2022-01-21 13:42:07,192 DEBUG   HandlerThread:2068 [handler.py:handle_request():130] handle_request: poll_exit
2022-01-21 13:42:07,449 ERROR   SenderThread:2068 [internal_api.py:execute():144] 409 response executing GraphQL.
2022-01-21 13:42:07,449 ERROR   SenderThread:2068 [internal_api.py:execute():145] {"errors":[{"message":"Error 1062: Duplicate entry '661128-6klvga93' for key 'PRIMARY'","path":["upsertBucket"]}],"data":{"upsertBucket":null}}
2022-01-21 13:42:07,750 INFO    Thread-8  :2068 [dir_watcher.py:_on_file_modified():230] file/dir modified: /Users/gdegournay/PycharmProjects/Udacity/MLOps/MLOps_ex/reproducible workflow/wandb/run-20220121_133555-6klvga93/files/wandb-summary.json
2022-01-21 13:42:08,162 INFO    WriterThread:2068 [datastore.py:close():281] close: /Users/gdegournay/PycharmProjects/Udacity/MLOps/MLOps_ex/reproducible workflow/wandb/run-20220121_133555-6klvga93/run-6klvga93.wandb
2022-01-21 13:42:08,194 INFO    HandlerThread:2068 [handler.py:finish():731] shutting down handler
2022-01-21 13:42:08,194 ERROR   MainThread:2068 [internal.py:wandb_internal():158] Thread SenderThread:
Traceback (most recent call last):
  File "/Users/gdegournay/opt/anaconda3/envs/udacity/lib/python3.8/site-packages/wandb/apis/normalize.py", line 24, in wrapper
    return func(*args, **kwargs)
  File "/Users/gdegournay/opt/anaconda3/envs/udacity/lib/python3.8/site-packages/wandb/sdk/internal/internal_api.py", line 1298, in upsert_run
    response = self.gql(mutation, variable_values=variable_values, **kwargs)
  File "/Users/gdegournay/opt/anaconda3/envs/udacity/lib/python3.8/site-packages/wandb/sdk/lib/retry.py", line 102, in __call__
    result = self._call_fn(*args, **kwargs)
  File "/Users/gdegournay/opt/anaconda3/envs/udacity/lib/python3.8/site-packages/wandb/sdk/internal/internal_api.py", line 147, in execute
    six.reraise(*sys.exc_info())
  File "/Users/gdegournay/opt/anaconda3/envs/udacity/lib/python3.8/site-packages/six.py", line 719, in reraise
    raise value
  File "/Users/gdegournay/opt/anaconda3/envs/udacity/lib/python3.8/site-packages/wandb/sdk/internal/internal_api.py", line 141, in execute
    return self.client.execute(*args, **kwargs)
  File "/Users/gdegournay/opt/anaconda3/envs/udacity/lib/python3.8/site-packages/wandb/vendor/gql-0.2.0/gql/client.py", line 52, in execute
    result = self._get_result(document, *args, **kwargs)
  File "/Users/gdegournay/opt/anaconda3/envs/udacity/lib/python3.8/site-packages/wandb/vendor/gql-0.2.0/gql/client.py", line 60, in _get_result
    return self.transport.execute(document, *args, **kwargs)
  File "/Users/gdegournay/opt/anaconda3/envs/udacity/lib/python3.8/site-packages/wandb/vendor/gql-0.2.0/gql/transport/requests.py", line 39, in execute
    request.raise_for_status()
  File "/Users/gdegournay/opt/anaconda3/envs/udacity/lib/python3.8/site-packages/requests/models.py", line 960, in raise_for_status
    raise HTTPError(http_error_msg, response=self)
requests.exceptions.HTTPError: 409 Client Error: Conflict for url: https://api.wandb.ai/graphql

During handling of the above exception, another exception occurred:

Traceback (most recent call last):
  File "/Users/gdegournay/opt/anaconda3/envs/udacity/lib/python3.8/site-packages/wandb/sdk/internal/internal_util.py", line 52, in run
    self._run()
  File "/Users/gdegournay/opt/anaconda3/envs/udacity/lib/python3.8/site-packages/wandb/sdk/internal/internal_util.py", line 102, in _run
    self._process(record)
  File "/Users/gdegournay/opt/anaconda3/envs/udacity/lib/python3.8/site-packages/wandb/sdk/internal/internal.py", line 291, in _process
    self._sm.send(record)
  File "/Users/gdegournay/opt/anaconda3/envs/udacity/lib/python3.8/site-packages/wandb/sdk/internal/sender.py", line 236, in send
    send_handler(record)
  File "/Users/gdegournay/opt/anaconda3/envs/udacity/lib/python3.8/site-packages/wandb/sdk/internal/sender.py", line 250, in send_request
    send_handler(record)
  File "/Users/gdegournay/opt/anaconda3/envs/udacity/lib/python3.8/site-packages/wandb/sdk/internal/sender.py", line 403, in send_request_defer
    self.debounce()
  File "/Users/gdegournay/opt/anaconda3/envs/udacity/lib/python3.8/site-packages/wandb/sdk/internal/sender.py", line 315, in debounce
    self._debounce_config()
  File "/Users/gdegournay/opt/anaconda3/envs/udacity/lib/python3.8/site-packages/wandb/sdk/internal/sender.py", line 321, in _debounce_config
    self._api.upsert_run(
  File "/Users/gdegournay/opt/anaconda3/envs/udacity/lib/python3.8/site-packages/wandb/apis/normalize.py", line 26, in wrapper
    raise CommError(err.response, err)
wandb.errors.CommError: <Response [409]>
2022-01-21 13:42:10,216 INFO    MainThread:2068 [internal.py:handle_exit():77] Internal process exited
